<?xml version="1.0" encoding="UTF-8"?>
<robot generator="Robot 6.0.2 (Python 3.10.6 on linux)" generated="20230613 11:52:28.940" rpa="false" schemaversion="3">
<suite id="s1" name="Testcases" source="/home/bentley/QA_RF/Project1/testcases.robot">
<test id="s1-t1" name="API tokens can be deleted by clicking the 'delete' button." line="168">
<kw name="User Log in" library="resources">
<kw name="Open Browser" library="SeleniumLibrary">
<arg>${home_url}</arg>
<arg>Chrome</arg>
<doc>Opens a new browser instance to the optional ``url``.</doc>
<msg timestamp="20230613 11:52:29.027" level="INFO">Opening browser 'Chrome' to base url 'https://app.deriv.com/account/api-token'.</msg>
<status status="PASS" starttime="20230613 11:52:29.027" endtime="20230613 11:52:33.201"/>
</kw>
<kw name="Set Window Size" library="SeleniumLibrary">
<arg>1280</arg>
<arg>1024</arg>
<doc>Sets current windows size to given ``width`` and ``height``.</doc>
<status status="PASS" starttime="20230613 11:52:33.201" endtime="20230613 11:52:33.314"/>
</kw>
<kw name="Wait Until Element Is Visible" library="SeleniumLibrary">
<arg>${email}</arg>
<doc>Waits until the element ``locator`` is visible.</doc>
<status status="PASS" starttime="20230613 11:52:33.314" endtime="20230613 11:52:33.353"/>
</kw>
<kw name="Input Text" library="SeleniumLibrary">
<arg>${email}</arg>
<arg>bentley@besquare.com.my</arg>
<doc>Types the given ``text`` into the text field identified by ``locator``.</doc>
<msg timestamp="20230613 11:52:33.354" level="INFO">Typing text 'bentley@besquare.com.my' into text field '//input[@id="txtEmail"]'.</msg>
<status status="PASS" starttime="20230613 11:52:33.353" endtime="20230613 11:52:33.417"/>
</kw>
<kw name="Input Password" library="SeleniumLibrary">
<arg>${password}</arg>
<arg>Bentley123</arg>
<doc>Types the given password into the text field identified by ``locator``.</doc>
<msg timestamp="20230613 11:52:33.417" level="INFO">Typing password into text field '//input[@id="txtPass"]'.</msg>
<msg timestamp="20230613 11:52:33.439" level="INFO">Temporally setting log level to: NONE</msg>
<msg timestamp="20230613 11:52:33.463" level="INFO">Log level changed from NONE to INFO.</msg>
<status status="PASS" starttime="20230613 11:52:33.417" endtime="20230613 11:52:33.463"/>
</kw>
<kw name="Click Element" library="SeleniumLibrary">
<arg>${login}</arg>
<doc>Click the element identified by ``locator``.</doc>
<msg timestamp="20230613 11:52:33.464" level="INFO">Clicking element '//button[@name="login"]'.</msg>
<status status="PASS" starttime="20230613 11:52:33.463" endtime="20230613 11:52:35.408"/>
</kw>
<kw name="Wait Until Element Is Visible" library="SeleniumLibrary">
<arg>//*[text()="Settings"]</arg>
<arg>10</arg>
<doc>Waits until the element ``locator`` is visible.</doc>
<status status="PASS" starttime="20230613 11:52:35.408" endtime="20230613 11:52:36.919"/>
</kw>
<kw name="Sleep" library="BuiltIn">
<arg>1</arg>
<doc>Pauses the test executed for the given time.</doc>
<msg timestamp="20230613 11:52:37.919" level="INFO">Slept 1 second</msg>
<status status="PASS" starttime="20230613 11:52:36.919" endtime="20230613 11:52:37.919"/>
</kw>
<status status="PASS" starttime="20230613 11:52:29.027" endtime="20230613 11:52:37.919"/>
</kw>
<kw name="Wait Until Element Is Visible" library="SeleniumLibrary">
<arg>${read_box}</arg>
<arg>10</arg>
<doc>Waits until the element ``locator`` is visible.</doc>
<status status="PASS" starttime="20230613 11:52:37.919" endtime="20230613 11:52:37.939"/>
</kw>
<kw name="Click Element" library="SeleniumLibrary">
<arg>${read_box}</arg>
<doc>Click the element identified by ``locator``.</doc>
<msg timestamp="20230613 11:52:37.939" level="INFO">Clicking element '//input[@name="read"]//parent::label'.</msg>
<status status="PASS" starttime="20230613 11:52:37.939" endtime="20230613 11:52:38.001"/>
</kw>
<kw name="Wait Until Element Is Visible" library="SeleniumLibrary">
<arg>${token_name_input}</arg>
<arg>10</arg>
<doc>Waits until the element ``locator`` is visible.</doc>
<status status="PASS" starttime="20230613 11:52:38.001" endtime="20230613 11:52:38.026"/>
</kw>
<kw name="Input Text" library="SeleniumLibrary">
<arg>${token_name_input}</arg>
<arg>${delete_name}</arg>
<doc>Types the given ``text`` into the text field identified by ``locator``.</doc>
<msg timestamp="20230613 11:52:38.027" level="INFO">Typing text 'delete' into text field '//input[@name="token_name"]'.</msg>
<status status="PASS" starttime="20230613 11:52:38.027" endtime="20230613 11:52:38.200"/>
</kw>
<kw name="Wait Until Element Is Visible" library="SeleniumLibrary">
<arg>${create_btn}</arg>
<arg>10</arg>
<doc>Waits until the element ``locator`` is visible.</doc>
<status status="PASS" starttime="20230613 11:52:38.200" endtime="20230613 11:52:38.220"/>
</kw>
<kw name="Click Element" library="SeleniumLibrary">
<arg>${create_btn}</arg>
<doc>Click the element identified by ``locator``.</doc>
<msg timestamp="20230613 11:52:38.221" level="INFO">Clicking element '//button[@class="dc-btn dc-btn__effect dc-btn--primary dc-btn__large dc-btn__button-group da-api-token__button"]'.</msg>
<status status="PASS" starttime="20230613 11:52:38.220" endtime="20230613 11:52:38.318"/>
</kw>
<kw name="Sleep" library="BuiltIn">
<arg>3</arg>
<doc>Pauses the test executed for the given time.</doc>
<msg timestamp="20230613 11:52:41.319" level="INFO">Slept 3 seconds</msg>
<status status="PASS" starttime="20230613 11:52:38.318" endtime="20230613 11:52:41.319"/>
</kw>
<kw name="Wait Until Element Is Visible" library="SeleniumLibrary">
<arg>${token_list}</arg>
<arg>10</arg>
<doc>Waits until the element ``locator`` is visible.</doc>
<status status="PASS" starttime="20230613 11:52:41.319" endtime="20230613 11:52:41.342"/>
</kw>
<kw name="Scroll Element Into View" library="SeleniumLibrary">
<arg>${token_list}</arg>
<doc>Scrolls the element identified by ``locator`` into view.</doc>
<status status="PASS" starttime="20230613 11:52:41.342" endtime="20230613 11:52:41.617"/>
</kw>
<kw name="Sleep" library="BuiltIn">
<arg>3</arg>
<doc>Pauses the test executed for the given time.</doc>
<msg timestamp="20230613 11:52:44.618" level="INFO">Slept 3 seconds</msg>
<status status="PASS" starttime="20230613 11:52:41.617" endtime="20230613 11:52:44.618"/>
</kw>
<kw name="Wait Until Element Is Visible" library="SeleniumLibrary">
<arg>//*[text()="delete"]//ancestor::tr[@class="da-api-token__table-cell-row"]//self::*[@data-testid="dt_token_delete_icon"]</arg>
<doc>Waits until the element ``locator`` is visible.</doc>
<status status="PASS" starttime="20230613 11:52:44.619" endtime="20230613 11:52:44.644"/>
</kw>
<kw name="Click Element" library="SeleniumLibrary">
<arg>${delete}</arg>
<doc>Click the element identified by ``locator``.</doc>
<msg timestamp="20230613 11:52:44.645" level="INFO">Clicking element '//*[text()="delete"]//ancestor::tr[@class="da-api-token__table-cell-row"]//self::*[@data-testid="dt_token_delete_icon"]'.</msg>
<status status="PASS" starttime="20230613 11:52:44.644" endtime="20230613 11:52:44.697"/>
</kw>
<kw name="Wait Until Element Is Visible" library="SeleniumLibrary">
<arg>${delete_popup}</arg>
<doc>Waits until the element ``locator`` is visible.</doc>
<status status="PASS" starttime="20230613 11:52:44.697" endtime="20230613 11:52:45.177"/>
</kw>
<kw name="Wait Until Element Is Visible" library="SeleniumLibrary">
<arg>${delete_btn_2}</arg>
<arg>10</arg>
<doc>Waits until the element ``locator`` is visible.</doc>
<status status="PASS" starttime="20230613 11:52:45.178" endtime="20230613 11:52:45.201"/>
</kw>
<kw name="Click Element" library="SeleniumLibrary">
<arg>${delete_btn_2}</arg>
<doc>Click the element identified by ``locator``.</doc>
<msg timestamp="20230613 11:52:45.201" level="INFO">Clicking element '//button[@class="dc-btn dc-btn__effect dc-btn--primary dc-btn__large dc-dialog__button"]'.</msg>
<status status="PASS" starttime="20230613 11:52:45.201" endtime="20230613 11:52:45.243"/>
</kw>
<kw name="Sleep" library="BuiltIn">
<arg>1</arg>
<doc>Pauses the test executed for the given time.</doc>
<msg timestamp="20230613 11:52:46.244" level="INFO">Slept 1 second</msg>
<status status="PASS" starttime="20230613 11:52:45.244" endtime="20230613 11:52:46.244"/>
</kw>
<kw name="Wait Until Page Does Not Contain" library="SeleniumLibrary">
<arg>${delete}</arg>
<arg>10</arg>
<doc>Waits until ``text`` disappears from the current page.</doc>
<status status="PASS" starttime="20230613 11:52:46.245" endtime="20230613 11:52:46.266"/>
</kw>
<status status="PASS" starttime="20230613 11:52:29.026" endtime="20230613 11:52:46.266"/>
</test>
<doc>Project 1 (Automation on API token page)</doc>
<status status="PASS" starttime="20230613 11:52:28.941" endtime="20230613 11:52:46.266"/>
</suite>
<statistics>
<total>
<stat pass="1" fail="0" skip="0">All Tests</stat>
</total>
<tag>
</tag>
<suite>
<stat pass="1" fail="0" skip="0" id="s1" name="Testcases">Testcases</stat>
</suite>
</statistics>
<errors>
</errors>
</robot>
