<?xml version="1.0" encoding="UTF-8"?>
<robot generator="Robot 6.0.2 (Python 3.10.6 on linux)" generated="20230612 14:33:47.851" rpa="false" schemaversion="3">
<suite id="s1" name="Test" source="/home/bentley/QA_RF/test.robot">
<test id="s1-t1" name="Check Traders Menu" line="118">
<kw name="Go To Homepage">
<kw name="Chrome Headless">
<kw name="Set Chrome Options">
<var>${chrome_options}</var>
<doc>Set Chrome options for headless mode</doc>
<kw name="Evaluate" library="BuiltIn">
<var>${options}</var>
<arg>sys.modules['selenium.webdriver'].ChromeOptions()</arg>
<arg>sys, selenium.webdriver</arg>
<doc>Evaluates the given expression in Python and returns the result.</doc>
<msg timestamp="20230612 14:33:47.960" level="INFO">${options} = &lt;selenium.webdriver.chrome.options.Options object at 0x7faa11205ff0&gt;</msg>
<status status="PASS" starttime="20230612 14:33:47.960" endtime="20230612 14:33:47.960"/>
</kw>
<for flavor="IN">
<var>${option}</var>
<value>@{chrome_arguments}</value>
<iter>
<var name="${option}">--disable-infobars</var>
<kw name="Call Method" library="BuiltIn">
<arg>${options}</arg>
<arg>add_argument</arg>
<arg>${option}</arg>
<doc>Calls the named method of the given object with the provided arguments.</doc>
<status status="PASS" starttime="20230612 14:33:47.961" endtime="20230612 14:33:47.961"/>
</kw>
<status status="PASS" starttime="20230612 14:33:47.961" endtime="20230612 14:33:47.961"/>
</iter>
<iter>
<var name="${option}">--headless</var>
<kw name="Call Method" library="BuiltIn">
<arg>${options}</arg>
<arg>add_argument</arg>
<arg>${option}</arg>
<doc>Calls the named method of the given object with the provided arguments.</doc>
<status status="PASS" starttime="20230612 14:33:47.961" endtime="20230612 14:33:47.961"/>
</kw>
<status status="PASS" starttime="20230612 14:33:47.961" endtime="20230612 14:33:47.961"/>
</iter>
<iter>
<var name="${option}">--disable-gpu</var>
<kw name="Call Method" library="BuiltIn">
<arg>${options}</arg>
<arg>add_argument</arg>
<arg>${option}</arg>
<doc>Calls the named method of the given object with the provided arguments.</doc>
<status status="PASS" starttime="20230612 14:33:47.961" endtime="20230612 14:33:47.961"/>
</kw>
<status status="PASS" starttime="20230612 14:33:47.961" endtime="20230612 14:33:47.961"/>
</iter>
<iter>
<var name="${option}">--window-size=1280,1024</var>
<kw name="Call Method" library="BuiltIn">
<arg>${options}</arg>
<arg>add_argument</arg>
<arg>${option}</arg>
<doc>Calls the named method of the given object with the provided arguments.</doc>
<status status="PASS" starttime="20230612 14:33:47.961" endtime="20230612 14:33:47.961"/>
</kw>
<status status="PASS" starttime="20230612 14:33:47.961" endtime="20230612 14:33:47.961"/>
</iter>
<status status="PASS" starttime="20230612 14:33:47.960" endtime="20230612 14:33:47.961"/>
</for>
<msg timestamp="20230612 14:33:47.961" level="INFO">${chrome_options} = &lt;selenium.webdriver.chrome.options.Options object at 0x7faa11205ff0&gt;</msg>
<status status="PASS" starttime="20230612 14:33:47.960" endtime="20230612 14:33:47.961"/>
</kw>
<kw name="Create Webdriver" library="SeleniumLibrary">
<arg>Chrome</arg>
<arg>chrome_options=${chrome_options}</arg>
<doc>Creates an instance of Selenium WebDriver.</doc>
<msg timestamp="20230612 14:33:47.962" level="INFO">Creating an instance of the Chrome WebDriver.</msg>
<status status="PASS" starttime="20230612 14:33:47.961" endtime="20230612 14:33:48.528"/>
</kw>
<status status="PASS" starttime="20230612 14:33:47.960" endtime="20230612 14:33:48.529"/>
</kw>
<kw name="Go To" library="SeleniumLibrary">
<arg>${HOME URL}</arg>
<doc>Navigates the current browser window to the provided ``url``.</doc>
<msg timestamp="20230612 14:33:48.529" level="INFO">Opening url 'https://deriv.com'</msg>
<status status="PASS" starttime="20230612 14:33:48.529" endtime="20230612 14:33:49.834"/>
</kw>
<kw name="Set Window Size" library="SeleniumLibrary">
<arg>1300</arg>
<arg>800</arg>
<doc>Sets current windows size to given ``width`` and ``height``.</doc>
<status status="PASS" starttime="20230612 14:33:49.834" endtime="20230612 14:33:49.939"/>
</kw>
<kw name="Wait Until Page Contains Element" library="SeleniumLibrary">
<arg>dm-nav-login-button</arg>
<doc>Waits until the element ``locator`` appears on the current page.</doc>
<status status="PASS" starttime="20230612 14:33:49.940" endtime="20230612 14:33:49.950"/>
</kw>
<status status="PASS" starttime="20230612 14:33:47.960" endtime="20230612 14:33:49.950"/>
</kw>
<kw name="Open Trade Menu">
<kw name="Click Element" library="SeleniumLibrary">
<arg>//p[text()="Trade"]</arg>
<doc>Click the element identified by ``locator``.</doc>
<msg timestamp="20230612 14:33:49.951" level="INFO">Clicking element '//p[text()="Trade"]'.</msg>
<status status="PASS" starttime="20230612 14:33:49.951" endtime="20230612 14:33:50.055"/>
</kw>
<kw name="Wait Until Page Contains" library="SeleniumLibrary">
<arg>Trade types</arg>
<doc>Waits until ``text`` appears on the current page.</doc>
<status status="PASS" starttime="20230612 14:33:50.055" endtime="20230612 14:33:50.081"/>
</kw>
<kw name="Mouse Over" library="SeleniumLibrary">
<arg>//p[text()="Trade"]</arg>
<doc>Simulates hovering the mouse over the element ``locator``.</doc>
<msg timestamp="20230612 14:33:50.081" level="INFO">Simulating Mouse Over on element '//p[text()="Trade"]'.</msg>
<status status="PASS" starttime="20230612 14:33:50.081" endtime="20230612 14:33:50.345"/>
</kw>
<status status="PASS" starttime="20230612 14:33:49.951" endtime="20230612 14:33:50.345"/>
</kw>
<kw name="Check Trade Types">
<kw name="Page Should Contain Element" library="SeleniumLibrary">
<arg>${CFDs}</arg>
<doc>Verifies that element ``locator`` is found on the current page.</doc>
<msg timestamp="20230612 14:33:50.356" level="INFO">Current page contains element '//h2[text()= "CFDs"]'.</msg>
<status status="PASS" starttime="20230612 14:33:50.345" endtime="20230612 14:33:50.356"/>
</kw>
<kw name="Page Should Contain" library="SeleniumLibrary">
<arg>Trade with leverage and tight spreads for better returns on successful trades.</arg>
<doc>Verifies that current page contains ``text``.</doc>
<msg timestamp="20230612 14:33:50.369" level="INFO">Current page contains text 'Trade with leverage and tight spreads for better returns on successful trades.'.</msg>
<status status="PASS" starttime="20230612 14:33:50.356" endtime="20230612 14:33:50.369"/>
</kw>
<kw name="Page Should Contain Element" library="SeleniumLibrary">
<arg>${options}</arg>
<doc>Verifies that element ``locator`` is found on the current page.</doc>
<msg timestamp="20230612 14:33:50.377" level="INFO">Current page contains element '//h2[text()="Options"]'.</msg>
<status status="PASS" starttime="20230612 14:33:50.369" endtime="20230612 14:33:50.377"/>
</kw>
<kw name="Page Should Contain" library="SeleniumLibrary">
<arg>Earn a range of payouts without risking more than your initial stake.</arg>
<doc>Verifies that current page contains ``text``.</doc>
<msg timestamp="20230612 14:33:50.389" level="INFO">Current page contains text 'Earn a range of payouts without risking more than your initial stake.'.</msg>
<status status="PASS" starttime="20230612 14:33:50.377" endtime="20230612 14:33:50.389"/>
</kw>
<kw name="Page Should Contain Element" library="SeleniumLibrary">
<arg>${multiplier}</arg>
<doc>Verifies that element ``locator`` is found on the current page.</doc>
<msg timestamp="20230612 14:33:50.397" level="INFO">Current page contains element '//h2[text()="Multipliers"]'.</msg>
<status status="PASS" starttime="20230612 14:33:50.389" endtime="20230612 14:33:50.397"/>
</kw>
<kw name="Page Should Contain" library="SeleniumLibrary">
<arg>Get the upside of CFDs without the downside of losing more than your stake.</arg>
<doc>Verifies that current page contains ``text``.</doc>
<msg timestamp="20230612 14:33:50.407" level="INFO">Current page contains text 'Get the upside of CFDs without the downside of losing more than your stake.'.</msg>
<status status="PASS" starttime="20230612 14:33:50.397" endtime="20230612 14:33:50.407"/>
</kw>
<status status="PASS" starttime="20230612 14:33:50.345" endtime="20230612 14:33:50.407"/>
</kw>
<kw name="Check Trading Platforms">
<kw name="Page Should Contain Element" library="SeleniumLibrary">
<arg>${deriv_mt5}</arg>
<doc>Verifies that element ``locator`` is found on the current page.</doc>
<msg timestamp="20230612 14:33:50.415" level="INFO">Current page contains element '//h2[text() = "deriv MT5"]'.</msg>
<status status="PASS" starttime="20230612 14:33:50.407" endtime="20230612 14:33:50.415"/>
</kw>
<kw name="Page Should Contain" library="SeleniumLibrary">
<arg>Trade on Deriv MT5, the all-in-one CFD trading platform.</arg>
<doc>Verifies that current page contains ``text``.</doc>
<msg timestamp="20230612 14:33:50.428" level="INFO">Current page contains text 'Trade on Deriv MT5, the all-in-one CFD trading platform.'.</msg>
<status status="PASS" starttime="20230612 14:33:50.415" endtime="20230612 14:33:50.428"/>
</kw>
<kw name="Page Should Contain Element" library="SeleniumLibrary">
<arg>${derivx}</arg>
<doc>Verifies that element ``locator`` is found on the current page.</doc>
<msg timestamp="20230612 14:33:50.438" level="INFO">Current page contains element '//h2[text() = "deriv X"]'.</msg>
<status status="PASS" starttime="20230612 14:33:50.428" endtime="20230612 14:33:50.438"/>
</kw>
<kw name="Page Should Contain" library="SeleniumLibrary">
<arg>A highly customisable and easy-to-use CFD trading platform.</arg>
<doc>Verifies that current page contains ``text``.</doc>
<msg timestamp="20230612 14:33:50.449" level="INFO">Current page contains text 'A highly customisable and easy-to-use CFD trading platform.'.</msg>
<status status="PASS" starttime="20230612 14:33:50.438" endtime="20230612 14:33:50.449"/>
</kw>
<kw name="Page Should Contain Element" library="SeleniumLibrary">
<arg>${deriv_ez}</arg>
<doc>Verifies that element ``locator`` is found on the current page.</doc>
<msg timestamp="20230612 14:33:50.456" level="INFO">Current page contains element '//h2[text() = "deriv EZ"]'.</msg>
<status status="PASS" starttime="20230612 14:33:50.449" endtime="20230612 14:33:50.456"/>
</kw>
<kw name="Page Should Contain" library="SeleniumLibrary">
<arg>Trade on global markets from anywhere with our mobile-first CFD trading platform.</arg>
<doc>Verifies that current page contains ``text``.</doc>
<msg timestamp="20230612 14:33:50.467" level="INFO">Current page contains text 'Trade on global markets from anywhere with our mobile-first CFD trading platform.'.</msg>
<status status="PASS" starttime="20230612 14:33:50.456" endtime="20230612 14:33:50.467"/>
</kw>
<kw name="Page Should Contain Element" library="SeleniumLibrary">
<arg>${smart_trader}</arg>
<doc>Verifies that element ``locator`` is found on the current page.</doc>
<msg timestamp="20230612 14:33:50.474" level="INFO">Current page contains element '//h2[text() = "SmartTrader"]'.</msg>
<status status="PASS" starttime="20230612 14:33:50.467" endtime="20230612 14:33:50.474"/>
</kw>
<kw name="Page Should Contain" library="SeleniumLibrary">
<arg>Trade the world’s markets with our popular user-friendly platform.</arg>
<doc>Verifies that current page contains ``text``.</doc>
<msg timestamp="20230612 14:33:50.486" level="INFO">Current page contains text 'Trade the world’s markets with our popular user-friendly platform.'.</msg>
<status status="PASS" starttime="20230612 14:33:50.474" endtime="20230612 14:33:50.486"/>
</kw>
<kw name="Page Should Contain Element" library="SeleniumLibrary">
<arg>${deriv_trader}</arg>
<doc>Verifies that element ``locator`` is found on the current page.</doc>
<msg timestamp="20230612 14:33:50.493" level="INFO">Current page contains element '//h2[text() = "deriv Trader"]'.</msg>
<status status="PASS" starttime="20230612 14:33:50.486" endtime="20230612 14:33:50.493"/>
</kw>
<kw name="Page Should Contain" library="SeleniumLibrary">
<arg>A whole new trading experience on a powerful yet easy to use platform.</arg>
<doc>Verifies that current page contains ``text``.</doc>
<msg timestamp="20230612 14:33:50.503" level="INFO">Current page contains text 'A whole new trading experience on a powerful yet easy to use platform.'.</msg>
<status status="PASS" starttime="20230612 14:33:50.493" endtime="20230612 14:33:50.503"/>
</kw>
<kw name="Page Should Contain Element" library="SeleniumLibrary">
<arg>${deriv_go}</arg>
<doc>Verifies that element ``locator`` is found on the current page.</doc>
<msg timestamp="20230612 14:33:50.511" level="INFO">Current page contains element '//h2[text() = "deriv GO"]'.</msg>
<status status="PASS" starttime="20230612 14:33:50.503" endtime="20230612 14:33:50.511"/>
</kw>
<kw name="Page Should Contain" library="SeleniumLibrary">
<arg>Trade multipliers on forex, cryptocurrencies, and synthetic indices with our mobile app.</arg>
<doc>Verifies that current page contains ``text``.</doc>
<msg timestamp="20230612 14:33:50.521" level="INFO">Current page contains text 'Trade multipliers on forex, cryptocurrencies, and synthetic indices with our mobile app.'.</msg>
<status status="PASS" starttime="20230612 14:33:50.511" endtime="20230612 14:33:50.522"/>
</kw>
<kw name="Page Should Contain Element" library="SeleniumLibrary">
<arg>${deriv_bot}</arg>
<doc>Verifies that element ``locator`` is found on the current page.</doc>
<msg timestamp="20230612 14:33:50.529" level="INFO">Current page contains element '//h2[text() = "deriv Bot"]'.</msg>
<status status="PASS" starttime="20230612 14:33:50.522" endtime="20230612 14:33:50.529"/>
</kw>
<kw name="Page Should Contain" library="SeleniumLibrary">
<arg>Automated trading at your fingertips. No coding needed.</arg>
<doc>Verifies that current page contains ``text``.</doc>
<msg timestamp="20230612 14:33:50.539" level="INFO">Current page contains text 'Automated trading at your fingertips. No coding needed.'.</msg>
<status status="PASS" starttime="20230612 14:33:50.530" endtime="20230612 14:33:50.539"/>
</kw>
<kw name="Page Should Contain Element" library="SeleniumLibrary">
<arg>${binary_bot}</arg>
<doc>Verifies that element ``locator`` is found on the current page.</doc>
<msg timestamp="20230612 14:33:50.547" level="INFO">Current page contains element '//h2[text() = "Binary Bot"]'.</msg>
<status status="PASS" starttime="20230612 14:33:50.540" endtime="20230612 14:33:50.547"/>
</kw>
<kw name="Page Should Contain" library="SeleniumLibrary">
<arg>Our classic "drag-and-drop" tool for creating trading bots, featuring pop-up trading charts, for advanced users.</arg>
<doc>Verifies that current page contains ``text``.</doc>
<msg timestamp="20230612 14:33:50.559" level="INFO">Current page contains text 'Our classic "drag-and-drop" tool for creating trading bots, featuring pop-up trading charts, for advanced users.'.</msg>
<status status="PASS" starttime="20230612 14:33:50.547" endtime="20230612 14:33:50.559"/>
</kw>
<status status="PASS" starttime="20230612 14:33:50.407" endtime="20230612 14:33:50.559"/>
</kw>
<status status="PASS" starttime="20230612 14:33:47.959" endtime="20230612 14:33:50.559"/>
</test>
<test id="s1-t2" name="Check Deriv Life" line="125">
<kw name="Open About US Menu">
<kw name="Mouse Over" library="SeleniumLibrary">
<arg>//button[@id="radix-5-trigger-_t_About us_t_"]</arg>
<doc>Simulates hovering the mouse over the element ``locator``.</doc>
<msg timestamp="20230612 14:33:50.561" level="INFO">Simulating Mouse Over on element '//button[@id="radix-5-trigger-_t_About us_t_"]'.</msg>
<status status="PASS" starttime="20230612 14:33:50.560" endtime="20230612 14:33:50.836"/>
</kw>
<kw name="Wait Until Page Contains Element" library="SeleniumLibrary">
<arg>${deriv_life}</arg>
<arg>30</arg>
<doc>Waits until the element ``locator`` appears on the current page.</doc>
<status status="PASS" starttime="20230612 14:33:50.836" endtime="20230612 14:33:50.845"/>
</kw>
<status status="PASS" starttime="20230612 14:33:50.560" endtime="20230612 14:33:50.845"/>
</kw>
<kw name="Wait Until Element Is Visible" library="SeleniumLibrary">
<arg>${deriv_life}</arg>
<arg>10</arg>
<doc>Waits until the element ``locator`` is visible.</doc>
<status status="PASS" starttime="20230612 14:33:50.845" endtime="20230612 14:33:50.862"/>
</kw>
<kw name="Click Element" library="SeleniumLibrary">
<arg>${deriv_life}</arg>
<doc>Click the element identified by ``locator``.</doc>
<msg timestamp="20230612 14:33:50.863" level="INFO">Clicking element '//*[text()="deriv life"]//parent::div'.</msg>
<status status="PASS" starttime="20230612 14:33:50.862" endtime="20230612 14:33:50.906"/>
</kw>
<kw name="Switch Window" library="SeleniumLibrary">
<arg>title=Deriv Life</arg>
<doc>Switches to browser window matching ``locator``.</doc>
<status status="PASS" starttime="20230612 14:33:50.906" endtime="20230612 14:33:52.180"/>
</kw>
<kw name="Page Should Contain" library="SeleniumLibrary">
<arg>Making an impact that matters</arg>
<doc>Verifies that current page contains ``text``.</doc>
<msg timestamp="20230612 14:33:52.192" level="INFO">Current page contains text 'Making an impact that matters'.</msg>
<status status="PASS" starttime="20230612 14:33:52.180" endtime="20230612 14:33:52.192"/>
</kw>
<status status="PASS" starttime="20230612 14:33:50.559" endtime="20230612 14:33:52.192"/>
</test>
<test id="s1-t3" name="Check Social Networks" line="133">
<kw name="Switch Window" library="SeleniumLibrary">
<arg>Online trading platform | Forex, commodities, synthetic indices, stocks, and stock indices | Deriv</arg>
<doc>Switches to browser window matching ``locator``.</doc>
<status status="PASS" starttime="20230612 14:33:52.193" endtime="20230612 14:33:52.207"/>
</kw>
<kw name="Scroll Element Into View" library="SeleniumLibrary">
<arg>//footer</arg>
<doc>Scrolls the element identified by ``locator`` into view.</doc>
<status status="PASS" starttime="20230612 14:33:52.207" endtime="20230612 14:33:52.486"/>
</kw>
<kw name="Page Should Contain Element" library="SeleniumLibrary">
<arg>${youtube}</arg>
<doc>Verifies that element ``locator`` is found on the current page.</doc>
<msg timestamp="20230612 14:33:52.499" level="INFO">Current page contains element '//a[@href="https://www.youtube.com/@deriv"]'.</msg>
<status status="PASS" starttime="20230612 14:33:52.486" endtime="20230612 14:33:52.499"/>
</kw>
<kw name="Page Should Contain Element" library="SeleniumLibrary">
<arg>${telegram}</arg>
<doc>Verifies that element ``locator`` is found on the current page.</doc>
<msg timestamp="20230612 14:33:52.508" level="INFO">Current page contains element '//a[@href="https://t.me/derivdotcomofficial"]'.</msg>
<status status="PASS" starttime="20230612 14:33:52.499" endtime="20230612 14:33:52.509"/>
</kw>
<kw name="Page Should Contain Element" library="SeleniumLibrary">
<arg>${facebook}</arg>
<doc>Verifies that element ``locator`` is found on the current page.</doc>
<msg timestamp="20230612 14:33:52.518" level="INFO">Current page contains element '//a[@href="https://www.facebook.com/derivdotcom"]'.</msg>
<status status="PASS" starttime="20230612 14:33:52.509" endtime="20230612 14:33:52.518"/>
</kw>
<kw name="Page Should Contain Element" library="SeleniumLibrary">
<arg>${twitter}</arg>
<doc>Verifies that element ``locator`` is found on the current page.</doc>
<msg timestamp="20230612 14:33:52.528" level="INFO">Current page contains element '//a[@href="https://twitter.com/derivdotcom/"]'.</msg>
<status status="PASS" starttime="20230612 14:33:52.518" endtime="20230612 14:33:52.528"/>
</kw>
<kw name="Page Should Contain Element" library="SeleniumLibrary">
<arg>${instagram}</arg>
<doc>Verifies that element ``locator`` is found on the current page.</doc>
<msg timestamp="20230612 14:33:52.539" level="INFO">Current page contains element '//a[@href="https://www.instagram.com/deriv_official/"]'.</msg>
<status status="PASS" starttime="20230612 14:33:52.529" endtime="20230612 14:33:52.539"/>
</kw>
<kw name="Page Should Contain Element" library="SeleniumLibrary">
<arg>${linkedin}</arg>
<doc>Verifies that element ``locator`` is found on the current page.</doc>
<msg timestamp="20230612 14:33:52.549" level="INFO">Current page contains element '//a[@href="https://www.linkedin.com/company/derivdotcom/"]'.</msg>
<status status="PASS" starttime="20230612 14:33:52.540" endtime="20230612 14:33:52.549"/>
</kw>
<status status="PASS" starttime="20230612 14:33:52.192" endtime="20230612 14:33:52.549"/>
</test>
<test id="s1-t4" name="Swap Calculator" line="144">
<kw name="Go To Swap Calculator">
<kw name="Chrome Headless">
<kw name="Set Chrome Options">
<var>${chrome_options}</var>
<doc>Set Chrome options for headless mode</doc>
<kw name="Evaluate" library="BuiltIn">
<var>${options}</var>
<arg>sys.modules['selenium.webdriver'].ChromeOptions()</arg>
<arg>sys, selenium.webdriver</arg>
<doc>Evaluates the given expression in Python and returns the result.</doc>
<msg timestamp="20230612 14:33:52.550" level="INFO">${options} = &lt;selenium.webdriver.chrome.options.Options object at 0x7faa112066e0&gt;</msg>
<status status="PASS" starttime="20230612 14:33:52.550" endtime="20230612 14:33:52.550"/>
</kw>
<for flavor="IN">
<var>${option}</var>
<value>@{chrome_arguments}</value>
<iter>
<var name="${option}">--disable-infobars</var>
<kw name="Call Method" library="BuiltIn">
<arg>${options}</arg>
<arg>add_argument</arg>
<arg>${option}</arg>
<doc>Calls the named method of the given object with the provided arguments.</doc>
<status status="PASS" starttime="20230612 14:33:52.551" endtime="20230612 14:33:52.551"/>
</kw>
<status status="PASS" starttime="20230612 14:33:52.551" endtime="20230612 14:33:52.551"/>
</iter>
<iter>
<var name="${option}">--headless</var>
<kw name="Call Method" library="BuiltIn">
<arg>${options}</arg>
<arg>add_argument</arg>
<arg>${option}</arg>
<doc>Calls the named method of the given object with the provided arguments.</doc>
<status status="PASS" starttime="20230612 14:33:52.551" endtime="20230612 14:33:52.551"/>
</kw>
<status status="PASS" starttime="20230612 14:33:52.551" endtime="20230612 14:33:52.551"/>
</iter>
<iter>
<var name="${option}">--disable-gpu</var>
<kw name="Call Method" library="BuiltIn">
<arg>${options}</arg>
<arg>add_argument</arg>
<arg>${option}</arg>
<doc>Calls the named method of the given object with the provided arguments.</doc>
<status status="PASS" starttime="20230612 14:33:52.551" endtime="20230612 14:33:52.551"/>
</kw>
<status status="PASS" starttime="20230612 14:33:52.551" endtime="20230612 14:33:52.551"/>
</iter>
<iter>
<var name="${option}">--window-size=1280,1024</var>
<kw name="Call Method" library="BuiltIn">
<arg>${options}</arg>
<arg>add_argument</arg>
<arg>${option}</arg>
<doc>Calls the named method of the given object with the provided arguments.</doc>
<status status="PASS" starttime="20230612 14:33:52.551" endtime="20230612 14:33:52.552"/>
</kw>
<status status="PASS" starttime="20230612 14:33:52.551" endtime="20230612 14:33:52.552"/>
</iter>
<status status="PASS" starttime="20230612 14:33:52.551" endtime="20230612 14:33:52.552"/>
</for>
<msg timestamp="20230612 14:33:52.552" level="INFO">${chrome_options} = &lt;selenium.webdriver.chrome.options.Options object at 0x7faa112066e0&gt;</msg>
<status status="PASS" starttime="20230612 14:33:52.550" endtime="20230612 14:33:52.552"/>
</kw>
<kw name="Create Webdriver" library="SeleniumLibrary">
<arg>Chrome</arg>
<arg>chrome_options=${chrome_options}</arg>
<doc>Creates an instance of Selenium WebDriver.</doc>
<msg timestamp="20230612 14:33:52.552" level="INFO">Creating an instance of the Chrome WebDriver.</msg>
<status status="PASS" starttime="20230612 14:33:52.552" endtime="20230612 14:33:53.124"/>
</kw>
<status status="PASS" starttime="20230612 14:33:52.550" endtime="20230612 14:33:53.124"/>
</kw>
<kw name="Go To" library="SeleniumLibrary">
<arg>${swap_calculator}</arg>
<doc>Navigates the current browser window to the provided ``url``.</doc>
<msg timestamp="20230612 14:33:53.125" level="INFO">Opening url 'https://deriv.com/trader-tools/swap-calculator/'</msg>
<status status="PASS" starttime="20230612 14:33:53.124" endtime="20230612 14:33:54.442"/>
</kw>
<kw name="Set Window Size" library="SeleniumLibrary">
<arg>1300</arg>
<arg>800</arg>
<doc>Sets current windows size to given ``width`` and ``height``.</doc>
<status status="PASS" starttime="20230612 14:33:54.442" endtime="20230612 14:33:54.545"/>
</kw>
<kw name="Wait Until Page Contains Element" library="SeleniumLibrary">
<arg>//h1[text()="Swap Calculator"]</arg>
<doc>Waits until the element ``locator`` appears on the current page.</doc>
<status status="PASS" starttime="20230612 14:33:54.545" endtime="20230612 14:33:54.553"/>
</kw>
<status status="PASS" starttime="20230612 14:33:52.550" endtime="20230612 14:33:54.553"/>
</kw>
<kw name="Scroll Element Into View" library="SeleniumLibrary">
<arg>${calculator_table}</arg>
<doc>Scrolls the element identified by ``locator`` into view.</doc>
<status status="PASS" starttime="20230612 14:33:54.553" endtime="20230612 14:33:54.828"/>
</kw>
<kw name="Switch To Financial">
<kw name="Click Element" library="SeleniumLibrary">
<arg>//p[contains(@class,"typography__Text") and text()="Financial"]</arg>
<doc>Click the element identified by ``locator``.</doc>
<msg timestamp="20230612 14:33:54.829" level="INFO">Clicking element '//p[contains(@class,"typography__Text") and text()="Financial"]'.</msg>
<status status="PASS" starttime="20230612 14:33:54.829" endtime="20230612 14:33:54.949"/>
</kw>
<status status="PASS" starttime="20230612 14:33:54.829" endtime="20230612 14:33:54.949"/>
</kw>
<kw name="Select Symbol">
<kw name="Click Element" library="SeleniumLibrary">
<arg>${symbol}</arg>
<doc>Click the element identified by ``locator``.</doc>
<msg timestamp="20230612 14:33:54.950" level="INFO">Clicking element '//ul[@id="symbol"]'.</msg>
<status status="PASS" starttime="20230612 14:33:54.950" endtime="20230612 14:33:55.014"/>
</kw>
<kw name="Click Element" library="SeleniumLibrary">
<arg>//li[@id="AUDUSD"]</arg>
<doc>Click the element identified by ``locator``.</doc>
<msg timestamp="20230612 14:33:55.014" level="INFO">Clicking element '//li[@id="AUDUSD"]'.</msg>
<status status="PASS" starttime="20230612 14:33:55.014" endtime="20230612 14:33:55.107"/>
</kw>
<status status="PASS" starttime="20230612 14:33:54.950" endtime="20230612 14:33:55.107"/>
</kw>
<kw name="Fill Form">
<arg>id:volume</arg>
<arg>100</arg>
<kw name="Click Element" library="SeleniumLibrary">
<arg>${field}</arg>
<doc>Click the element identified by ``locator``.</doc>
<msg timestamp="20230612 14:33:55.107" level="INFO">Clicking element 'id:volume'.</msg>
<status status="PASS" starttime="20230612 14:33:55.107" endtime="20230612 14:33:55.159"/>
</kw>
<kw name="Input Text" library="SeleniumLibrary">
<arg>${field}</arg>
<arg>${value}</arg>
<doc>Types the given ``text`` into the text field identified by ``locator``.</doc>
<msg timestamp="20230612 14:33:55.160" level="INFO">Typing text '100' into text field 'id:volume'.</msg>
<status status="PASS" starttime="20230612 14:33:55.159" endtime="20230612 14:33:55.231"/>
</kw>
<status status="PASS" starttime="20230612 14:33:55.107" endtime="20230612 14:33:55.231"/>
</kw>
<kw name="Fill Form">
<arg>id:pointValue</arg>
<arg>10</arg>
<kw name="Click Element" library="SeleniumLibrary">
<arg>${field}</arg>
<doc>Click the element identified by ``locator``.</doc>
<msg timestamp="20230612 14:33:55.232" level="INFO">Clicking element 'id:pointValue'.</msg>
<status status="PASS" starttime="20230612 14:33:55.232" endtime="20230612 14:33:55.280"/>
</kw>
<kw name="Input Text" library="SeleniumLibrary">
<arg>${field}</arg>
<arg>${value}</arg>
<doc>Types the given ``text`` into the text field identified by ``locator``.</doc>
<msg timestamp="20230612 14:33:55.281" level="INFO">Typing text '10' into text field 'id:pointValue'.</msg>
<status status="PASS" starttime="20230612 14:33:55.281" endtime="20230612 14:33:55.327"/>
</kw>
<status status="PASS" starttime="20230612 14:33:55.232" endtime="20230612 14:33:55.327"/>
</kw>
<kw name="Fill Form">
<arg>id:swapRate</arg>
<arg>0.5</arg>
<kw name="Click Element" library="SeleniumLibrary">
<arg>${field}</arg>
<doc>Click the element identified by ``locator``.</doc>
<msg timestamp="20230612 14:33:55.328" level="INFO">Clicking element 'id:swapRate'.</msg>
<status status="PASS" starttime="20230612 14:33:55.328" endtime="20230612 14:33:55.370"/>
</kw>
<kw name="Input Text" library="SeleniumLibrary">
<arg>${field}</arg>
<arg>${value}</arg>
<doc>Types the given ``text`` into the text field identified by ``locator``.</doc>
<msg timestamp="20230612 14:33:55.370" level="INFO">Typing text '0.5' into text field 'id:swapRate'.</msg>
<status status="PASS" starttime="20230612 14:33:55.370" endtime="20230612 14:33:55.427"/>
</kw>
<status status="PASS" starttime="20230612 14:33:55.327" endtime="20230612 14:33:55.427"/>
</kw>
<kw name="Click Button" library="SeleniumLibrary">
<arg>css:[type="submit"]</arg>
<doc>Clicks the button identified by ``locator``.</doc>
<msg timestamp="20230612 14:33:55.427" level="INFO">Clicking button 'css:[type="submit"]'.</msg>
<status status="PASS" starttime="20230612 14:33:55.427" endtime="20230612 14:33:55.512"/>
</kw>
<kw name="Check Swap Charge">
<kw name="Evaluate" library="BuiltIn">
<var>${expected_swap}</var>
<arg>100*100000*10*0.5</arg>
<doc>Evaluates the given expression in Python and returns the result.</doc>
<msg timestamp="20230612 14:33:55.512" level="INFO">${expected_swap} = 50000000.0</msg>
<status status="PASS" starttime="20230612 14:33:55.512" endtime="20230612 14:33:55.512"/>
</kw>
<kw name="Element Text Should Be" library="SeleniumLibrary">
<arg>//*[text()="USD"]//preceding-sibling::div</arg>
<arg>${expected_swap}</arg>
<doc>Verifies that element ``locator`` contains exact the text ``expected``.</doc>
<msg timestamp="20230612 14:33:55.512" level="WARN">Keyword 'Element Text Should Be' found both from a custom library 'SeleniumLibrary' and a standard library 'XML'. The custom keyword is used. To select explicitly, and to get rid of this warning, use either 'SeleniumLibrary.Element Text Should Be' or 'XML.Element Text Should Be'.</msg>
<msg timestamp="20230612 14:33:55.513" level="INFO">Verifying element '//*[text()="USD"]//preceding-sibling::div' contains exact text '50000000.0'.</msg>
<msg timestamp="20230612 14:33:55.644" level="INFO" html="true">&lt;/td&gt;&lt;/tr&gt;&lt;tr&gt;&lt;td colspan="3"&gt;&lt;a href="selenium-screenshot-6.png"&gt;&lt;img src="selenium-screenshot-6.png" width="800px"&gt;&lt;/a&gt;</msg>
<msg timestamp="20230612 14:33:55.644" level="FAIL">The text of element '//*[text()="USD"]//preceding-sibling::div' should have been '50000000.0' but it was '50,000,000'.</msg>
<status status="FAIL" starttime="20230612 14:33:55.512" endtime="20230612 14:33:55.645"/>
</kw>
<status status="FAIL" starttime="20230612 14:33:55.512" endtime="20230612 14:33:55.645"/>
</kw>
<status status="FAIL" starttime="20230612 14:33:52.549" endtime="20230612 14:33:55.645">The text of element '//*[text()="USD"]//preceding-sibling::div' should have been '50000000.0' but it was '50,000,000'.</status>
</test>
<status status="FAIL" starttime="20230612 14:33:47.852" endtime="20230612 14:33:55.645"/>
</suite>
<statistics>
<total>
<stat pass="3" fail="1" skip="0">All Tests</stat>
</total>
<tag>
</tag>
<suite>
<stat pass="3" fail="1" skip="0" id="s1" name="Test">Test</stat>
</suite>
</statistics>
<errors>
<msg timestamp="20230612 14:33:55.512" level="WARN">Keyword 'Element Text Should Be' found both from a custom library 'SeleniumLibrary' and a standard library 'XML'. The custom keyword is used. To select explicitly, and to get rid of this warning, use either 'SeleniumLibrary.Element Text Should Be' or 'XML.Element Text Should Be'.</msg>
</errors>
</robot>
