<?xml version="1.0" encoding="UTF-8"?>
<robot generator="Robot 6.0.2 (Python 3.10.6 on linux)" generated="20230612 14:49:53.945" rpa="false" schemaversion="3">
<suite id="s1" name="Test" source="/home/bentley/QA_RF/test.robot">
<test id="s1-t1" name="Check Traders Menu" line="119">
<kw name="Go To Homepage">
<kw name="Chrome Headless">
<kw name="Set Chrome Options">
<var>${chrome_options}</var>
<doc>Set Chrome options for headless mode</doc>
<kw name="Evaluate" library="BuiltIn">
<var>${options}</var>
<arg>sys.modules['selenium.webdriver'].ChromeOptions()</arg>
<arg>sys, selenium.webdriver</arg>
<doc>Evaluates the given expression in Python and returns the result.</doc>
<msg timestamp="20230612 14:49:54.055" level="INFO">${options} = &lt;selenium.webdriver.chrome.options.Options object at 0x7fe4c9032140&gt;</msg>
<status status="PASS" starttime="20230612 14:49:54.055" endtime="20230612 14:49:54.055"/>
</kw>
<for flavor="IN">
<var>${option}</var>
<value>@{chrome_arguments}</value>
<iter>
<var name="${option}">--disable-infobars</var>
<kw name="Call Method" library="BuiltIn">
<arg>${options}</arg>
<arg>add_argument</arg>
<arg>${option}</arg>
<doc>Calls the named method of the given object with the provided arguments.</doc>
<status status="PASS" starttime="20230612 14:49:54.055" endtime="20230612 14:49:54.056"/>
</kw>
<status status="PASS" starttime="20230612 14:49:54.055" endtime="20230612 14:49:54.056"/>
</iter>
<iter>
<var name="${option}">--headless</var>
<kw name="Call Method" library="BuiltIn">
<arg>${options}</arg>
<arg>add_argument</arg>
<arg>${option}</arg>
<doc>Calls the named method of the given object with the provided arguments.</doc>
<status status="PASS" starttime="20230612 14:49:54.056" endtime="20230612 14:49:54.056"/>
</kw>
<status status="PASS" starttime="20230612 14:49:54.056" endtime="20230612 14:49:54.056"/>
</iter>
<iter>
<var name="${option}">--disable-gpu</var>
<kw name="Call Method" library="BuiltIn">
<arg>${options}</arg>
<arg>add_argument</arg>
<arg>${option}</arg>
<doc>Calls the named method of the given object with the provided arguments.</doc>
<status status="PASS" starttime="20230612 14:49:54.056" endtime="20230612 14:49:54.056"/>
</kw>
<status status="PASS" starttime="20230612 14:49:54.056" endtime="20230612 14:49:54.056"/>
</iter>
<iter>
<var name="${option}">--window-size=1280,1024</var>
<kw name="Call Method" library="BuiltIn">
<arg>${options}</arg>
<arg>add_argument</arg>
<arg>${option}</arg>
<doc>Calls the named method of the given object with the provided arguments.</doc>
<status status="PASS" starttime="20230612 14:49:54.056" endtime="20230612 14:49:54.056"/>
</kw>
<status status="PASS" starttime="20230612 14:49:54.056" endtime="20230612 14:49:54.056"/>
</iter>
<status status="PASS" starttime="20230612 14:49:54.055" endtime="20230612 14:49:54.056"/>
</for>
<msg timestamp="20230612 14:49:54.056" level="INFO">${chrome_options} = &lt;selenium.webdriver.chrome.options.Options object at 0x7fe4c9032140&gt;</msg>
<status status="PASS" starttime="20230612 14:49:54.055" endtime="20230612 14:49:54.056"/>
</kw>
<kw name="Create Webdriver" library="SeleniumLibrary">
<arg>Chrome</arg>
<arg>chrome_options=${chrome_options}</arg>
<doc>Creates an instance of Selenium WebDriver.</doc>
<msg timestamp="20230612 14:49:54.056" level="INFO">Creating an instance of the Chrome WebDriver.</msg>
<status status="PASS" starttime="20230612 14:49:54.056" endtime="20230612 14:49:54.622"/>
</kw>
<status status="PASS" starttime="20230612 14:49:54.055" endtime="20230612 14:49:54.622"/>
</kw>
<kw name="Go To" library="SeleniumLibrary">
<arg>${HOME URL}</arg>
<doc>Navigates the current browser window to the provided ``url``.</doc>
<msg timestamp="20230612 14:49:54.622" level="INFO">Opening url 'https://deriv.com'</msg>
<status status="PASS" starttime="20230612 14:49:54.622" endtime="20230612 14:49:56.008"/>
</kw>
<kw name="Set Window Size" library="SeleniumLibrary">
<arg>1300</arg>
<arg>800</arg>
<doc>Sets current windows size to given ``width`` and ``height``.</doc>
<status status="PASS" starttime="20230612 14:49:56.008" endtime="20230612 14:49:56.112"/>
</kw>
<kw name="Wait Until Page Contains Element" library="SeleniumLibrary">
<arg>dm-nav-login-button</arg>
<doc>Waits until the element ``locator`` appears on the current page.</doc>
<status status="PASS" starttime="20230612 14:49:56.112" endtime="20230612 14:49:56.121"/>
</kw>
<status status="PASS" starttime="20230612 14:49:54.054" endtime="20230612 14:49:56.121"/>
</kw>
<kw name="Open Trade Menu">
<kw name="Click Element" library="SeleniumLibrary">
<arg>//p[text()="Trade"]</arg>
<doc>Click the element identified by ``locator``.</doc>
<msg timestamp="20230612 14:49:56.122" level="INFO">Clicking element '//p[text()="Trade"]'.</msg>
<status status="PASS" starttime="20230612 14:49:56.121" endtime="20230612 14:49:56.196"/>
</kw>
<kw name="Wait Until Page Contains" library="SeleniumLibrary">
<arg>Trade types</arg>
<doc>Waits until ``text`` appears on the current page.</doc>
<status status="PASS" starttime="20230612 14:49:56.196" endtime="20230612 14:49:56.215"/>
</kw>
<kw name="Mouse Over" library="SeleniumLibrary">
<arg>//p[text()="Trade"]</arg>
<doc>Simulates hovering the mouse over the element ``locator``.</doc>
<msg timestamp="20230612 14:49:56.215" level="INFO">Simulating Mouse Over on element '//p[text()="Trade"]'.</msg>
<status status="PASS" starttime="20230612 14:49:56.215" endtime="20230612 14:49:56.491"/>
</kw>
<status status="PASS" starttime="20230612 14:49:56.121" endtime="20230612 14:49:56.491"/>
</kw>
<kw name="Check Trade Types">
<kw name="Page Should Contain Element" library="SeleniumLibrary">
<arg>${CFDs}</arg>
<doc>Verifies that element ``locator`` is found on the current page.</doc>
<msg timestamp="20230612 14:49:56.503" level="INFO">Current page contains element '//h2[text()= "CFDs"]'.</msg>
<status status="PASS" starttime="20230612 14:49:56.491" endtime="20230612 14:49:56.503"/>
</kw>
<kw name="Page Should Contain" library="SeleniumLibrary">
<arg>Trade with leverage and tight spreads for better returns on successful trades.</arg>
<doc>Verifies that current page contains ``text``.</doc>
<msg timestamp="20230612 14:49:56.517" level="INFO">Current page contains text 'Trade with leverage and tight spreads for better returns on successful trades.'.</msg>
<status status="PASS" starttime="20230612 14:49:56.503" endtime="20230612 14:49:56.517"/>
</kw>
<kw name="Page Should Contain Element" library="SeleniumLibrary">
<arg>${options}</arg>
<doc>Verifies that element ``locator`` is found on the current page.</doc>
<msg timestamp="20230612 14:49:56.525" level="INFO">Current page contains element '//h2[text()="Options"]'.</msg>
<status status="PASS" starttime="20230612 14:49:56.517" endtime="20230612 14:49:56.525"/>
</kw>
<kw name="Page Should Contain" library="SeleniumLibrary">
<arg>Earn a range of payouts without risking more than your initial stake.</arg>
<doc>Verifies that current page contains ``text``.</doc>
<msg timestamp="20230612 14:49:56.535" level="INFO">Current page contains text 'Earn a range of payouts without risking more than your initial stake.'.</msg>
<status status="PASS" starttime="20230612 14:49:56.525" endtime="20230612 14:49:56.535"/>
</kw>
<kw name="Page Should Contain Element" library="SeleniumLibrary">
<arg>${multiplier}</arg>
<doc>Verifies that element ``locator`` is found on the current page.</doc>
<msg timestamp="20230612 14:49:56.543" level="INFO">Current page contains element '//h2[text()="Multipliers"]'.</msg>
<status status="PASS" starttime="20230612 14:49:56.535" endtime="20230612 14:49:56.543"/>
</kw>
<kw name="Page Should Contain" library="SeleniumLibrary">
<arg>Get the upside of CFDs without the downside of losing more than your stake.</arg>
<doc>Verifies that current page contains ``text``.</doc>
<msg timestamp="20230612 14:49:56.553" level="INFO">Current page contains text 'Get the upside of CFDs without the downside of losing more than your stake.'.</msg>
<status status="PASS" starttime="20230612 14:49:56.543" endtime="20230612 14:49:56.553"/>
</kw>
<status status="PASS" starttime="20230612 14:49:56.491" endtime="20230612 14:49:56.553"/>
</kw>
<kw name="Check Trading Platforms">
<kw name="Page Should Contain Element" library="SeleniumLibrary">
<arg>${deriv_mt5}</arg>
<doc>Verifies that element ``locator`` is found on the current page.</doc>
<msg timestamp="20230612 14:49:56.564" level="INFO">Current page contains element '//h2[text() = "deriv MT5"]'.</msg>
<status status="PASS" starttime="20230612 14:49:56.553" endtime="20230612 14:49:56.564"/>
</kw>
<kw name="Page Should Contain" library="SeleniumLibrary">
<arg>Trade on Deriv MT5, the all-in-one CFD trading platform.</arg>
<doc>Verifies that current page contains ``text``.</doc>
<msg timestamp="20230612 14:49:56.578" level="INFO">Current page contains text 'Trade on Deriv MT5, the all-in-one CFD trading platform.'.</msg>
<status status="PASS" starttime="20230612 14:49:56.564" endtime="20230612 14:49:56.578"/>
</kw>
<kw name="Page Should Contain Element" library="SeleniumLibrary">
<arg>${derivx}</arg>
<doc>Verifies that element ``locator`` is found on the current page.</doc>
<msg timestamp="20230612 14:49:56.585" level="INFO">Current page contains element '//h2[text() = "deriv X"]'.</msg>
<status status="PASS" starttime="20230612 14:49:56.578" endtime="20230612 14:49:56.585"/>
</kw>
<kw name="Page Should Contain" library="SeleniumLibrary">
<arg>A highly customisable and easy-to-use CFD trading platform.</arg>
<doc>Verifies that current page contains ``text``.</doc>
<msg timestamp="20230612 14:49:56.596" level="INFO">Current page contains text 'A highly customisable and easy-to-use CFD trading platform.'.</msg>
<status status="PASS" starttime="20230612 14:49:56.585" endtime="20230612 14:49:56.596"/>
</kw>
<kw name="Page Should Contain Element" library="SeleniumLibrary">
<arg>${deriv_ez}</arg>
<doc>Verifies that element ``locator`` is found on the current page.</doc>
<msg timestamp="20230612 14:49:56.603" level="INFO">Current page contains element '//h2[text() = "deriv EZ"]'.</msg>
<status status="PASS" starttime="20230612 14:49:56.596" endtime="20230612 14:49:56.603"/>
</kw>
<kw name="Page Should Contain" library="SeleniumLibrary">
<arg>Trade on global markets from anywhere with our mobile-first CFD trading platform.</arg>
<doc>Verifies that current page contains ``text``.</doc>
<msg timestamp="20230612 14:49:56.614" level="INFO">Current page contains text 'Trade on global markets from anywhere with our mobile-first CFD trading platform.'.</msg>
<status status="PASS" starttime="20230612 14:49:56.603" endtime="20230612 14:49:56.614"/>
</kw>
<kw name="Page Should Contain Element" library="SeleniumLibrary">
<arg>${smart_trader}</arg>
<doc>Verifies that element ``locator`` is found on the current page.</doc>
<msg timestamp="20230612 14:49:56.621" level="INFO">Current page contains element '//h2[text() = "SmartTrader"]'.</msg>
<status status="PASS" starttime="20230612 14:49:56.614" endtime="20230612 14:49:56.621"/>
</kw>
<kw name="Page Should Contain" library="SeleniumLibrary">
<arg>Trade the world’s markets with our popular user-friendly platform.</arg>
<doc>Verifies that current page contains ``text``.</doc>
<msg timestamp="20230612 14:49:56.632" level="INFO">Current page contains text 'Trade the world’s markets with our popular user-friendly platform.'.</msg>
<status status="PASS" starttime="20230612 14:49:56.621" endtime="20230612 14:49:56.632"/>
</kw>
<kw name="Page Should Contain Element" library="SeleniumLibrary">
<arg>${deriv_trader}</arg>
<doc>Verifies that element ``locator`` is found on the current page.</doc>
<msg timestamp="20230612 14:49:56.641" level="INFO">Current page contains element '//h2[text() = "deriv Trader"]'.</msg>
<status status="PASS" starttime="20230612 14:49:56.632" endtime="20230612 14:49:56.641"/>
</kw>
<kw name="Page Should Contain" library="SeleniumLibrary">
<arg>A whole new trading experience on a powerful yet easy to use platform.</arg>
<doc>Verifies that current page contains ``text``.</doc>
<msg timestamp="20230612 14:49:56.651" level="INFO">Current page contains text 'A whole new trading experience on a powerful yet easy to use platform.'.</msg>
<status status="PASS" starttime="20230612 14:49:56.641" endtime="20230612 14:49:56.651"/>
</kw>
<kw name="Page Should Contain Element" library="SeleniumLibrary">
<arg>${deriv_go}</arg>
<doc>Verifies that element ``locator`` is found on the current page.</doc>
<msg timestamp="20230612 14:49:56.658" level="INFO">Current page contains element '//h2[text() = "deriv GO"]'.</msg>
<status status="PASS" starttime="20230612 14:49:56.651" endtime="20230612 14:49:56.658"/>
</kw>
<kw name="Page Should Contain" library="SeleniumLibrary">
<arg>Trade multipliers on forex, cryptocurrencies, and synthetic indices with our mobile app.</arg>
<doc>Verifies that current page contains ``text``.</doc>
<msg timestamp="20230612 14:49:56.668" level="INFO">Current page contains text 'Trade multipliers on forex, cryptocurrencies, and synthetic indices with our mobile app.'.</msg>
<status status="PASS" starttime="20230612 14:49:56.658" endtime="20230612 14:49:56.668"/>
</kw>
<kw name="Page Should Contain Element" library="SeleniumLibrary">
<arg>${deriv_bot}</arg>
<doc>Verifies that element ``locator`` is found on the current page.</doc>
<msg timestamp="20230612 14:49:56.676" level="INFO">Current page contains element '//h2[text() = "deriv Bot"]'.</msg>
<status status="PASS" starttime="20230612 14:49:56.668" endtime="20230612 14:49:56.676"/>
</kw>
<kw name="Page Should Contain" library="SeleniumLibrary">
<arg>Automated trading at your fingertips. No coding needed.</arg>
<doc>Verifies that current page contains ``text``.</doc>
<msg timestamp="20230612 14:49:56.686" level="INFO">Current page contains text 'Automated trading at your fingertips. No coding needed.'.</msg>
<status status="PASS" starttime="20230612 14:49:56.676" endtime="20230612 14:49:56.686"/>
</kw>
<kw name="Page Should Contain Element" library="SeleniumLibrary">
<arg>${binary_bot}</arg>
<doc>Verifies that element ``locator`` is found on the current page.</doc>
<msg timestamp="20230612 14:49:56.694" level="INFO">Current page contains element '//h2[text() = "Binary Bot"]'.</msg>
<status status="PASS" starttime="20230612 14:49:56.686" endtime="20230612 14:49:56.694"/>
</kw>
<kw name="Page Should Contain" library="SeleniumLibrary">
<arg>Our classic "drag-and-drop" tool for creating trading bots, featuring pop-up trading charts, for advanced users.</arg>
<doc>Verifies that current page contains ``text``.</doc>
<msg timestamp="20230612 14:49:56.703" level="INFO">Current page contains text 'Our classic "drag-and-drop" tool for creating trading bots, featuring pop-up trading charts, for advanced users.'.</msg>
<status status="PASS" starttime="20230612 14:49:56.694" endtime="20230612 14:49:56.704"/>
</kw>
<status status="PASS" starttime="20230612 14:49:56.553" endtime="20230612 14:49:56.704"/>
</kw>
<status status="PASS" starttime="20230612 14:49:54.054" endtime="20230612 14:49:56.704"/>
</test>
<test id="s1-t2" name="Check Deriv Life" line="126">
<kw name="Open About US Menu">
<kw name="Mouse Over" library="SeleniumLibrary">
<arg>//button[@id="radix-5-trigger-_t_About us_t_"]</arg>
<doc>Simulates hovering the mouse over the element ``locator``.</doc>
<msg timestamp="20230612 14:49:56.705" level="INFO">Simulating Mouse Over on element '//button[@id="radix-5-trigger-_t_About us_t_"]'.</msg>
<status status="PASS" starttime="20230612 14:49:56.705" endtime="20230612 14:49:57.002"/>
</kw>
<kw name="Wait Until Page Contains Element" library="SeleniumLibrary">
<arg>${deriv_life}</arg>
<arg>30</arg>
<doc>Waits until the element ``locator`` appears on the current page.</doc>
<status status="PASS" starttime="20230612 14:49:57.002" endtime="20230612 14:49:57.011"/>
</kw>
<status status="PASS" starttime="20230612 14:49:56.704" endtime="20230612 14:49:57.011"/>
</kw>
<kw name="Wait Until Element Is Visible" library="SeleniumLibrary">
<arg>${deriv_life}</arg>
<arg>10</arg>
<doc>Waits until the element ``locator`` is visible.</doc>
<status status="PASS" starttime="20230612 14:49:57.011" endtime="20230612 14:49:57.033"/>
</kw>
<kw name="Click Element" library="SeleniumLibrary">
<arg>${deriv_life}</arg>
<doc>Click the element identified by ``locator``.</doc>
<msg timestamp="20230612 14:49:57.034" level="INFO">Clicking element '//*[text()="deriv life"]//parent::div'.</msg>
<status status="PASS" starttime="20230612 14:49:57.033" endtime="20230612 14:49:57.080"/>
</kw>
<kw name="Switch Window" library="SeleniumLibrary">
<arg>title=Deriv Life</arg>
<doc>Switches to browser window matching ``locator``.</doc>
<status status="PASS" starttime="20230612 14:49:57.080" endtime="20230612 14:49:58.335"/>
</kw>
<kw name="Page Should Contain" library="SeleniumLibrary">
<arg>Making an impact that matters</arg>
<doc>Verifies that current page contains ``text``.</doc>
<msg timestamp="20230612 14:49:58.347" level="INFO">Current page contains text 'Making an impact that matters'.</msg>
<status status="PASS" starttime="20230612 14:49:58.335" endtime="20230612 14:49:58.348"/>
</kw>
<status status="PASS" starttime="20230612 14:49:56.704" endtime="20230612 14:49:58.348"/>
</test>
<test id="s1-t3" name="Check Social Networks" line="134">
<kw name="Switch Window" library="SeleniumLibrary">
<arg>Online trading platform | Forex, commodities, synthetic indices, stocks, and stock indices | Deriv</arg>
<doc>Switches to browser window matching ``locator``.</doc>
<status status="PASS" starttime="20230612 14:49:58.348" endtime="20230612 14:49:58.364"/>
</kw>
<kw name="Scroll Element Into View" library="SeleniumLibrary">
<arg>//footer</arg>
<doc>Scrolls the element identified by ``locator`` into view.</doc>
<status status="PASS" starttime="20230612 14:49:58.364" endtime="20230612 14:49:58.741"/>
</kw>
<kw name="Page Should Contain Element" library="SeleniumLibrary">
<arg>${youtube}</arg>
<doc>Verifies that element ``locator`` is found on the current page.</doc>
<msg timestamp="20230612 14:49:58.753" level="INFO">Current page contains element '//a[@href="https://www.youtube.com/@deriv"]'.</msg>
<status status="PASS" starttime="20230612 14:49:58.741" endtime="20230612 14:49:58.753"/>
</kw>
<kw name="Page Should Contain Element" library="SeleniumLibrary">
<arg>${telegram}</arg>
<doc>Verifies that element ``locator`` is found on the current page.</doc>
<msg timestamp="20230612 14:49:58.763" level="INFO">Current page contains element '//a[@href="https://t.me/derivdotcomofficial"]'.</msg>
<status status="PASS" starttime="20230612 14:49:58.753" endtime="20230612 14:49:58.763"/>
</kw>
<kw name="Page Should Contain Element" library="SeleniumLibrary">
<arg>${facebook}</arg>
<doc>Verifies that element ``locator`` is found on the current page.</doc>
<msg timestamp="20230612 14:49:58.771" level="INFO">Current page contains element '//a[@href="https://www.facebook.com/derivdotcom"]'.</msg>
<status status="PASS" starttime="20230612 14:49:58.763" endtime="20230612 14:49:58.771"/>
</kw>
<kw name="Page Should Contain Element" library="SeleniumLibrary">
<arg>${twitter}</arg>
<doc>Verifies that element ``locator`` is found on the current page.</doc>
<msg timestamp="20230612 14:49:58.781" level="INFO">Current page contains element '//a[@href="https://twitter.com/derivdotcom/"]'.</msg>
<status status="PASS" starttime="20230612 14:49:58.771" endtime="20230612 14:49:58.781"/>
</kw>
<kw name="Page Should Contain Element" library="SeleniumLibrary">
<arg>${instagram}</arg>
<doc>Verifies that element ``locator`` is found on the current page.</doc>
<msg timestamp="20230612 14:49:58.791" level="INFO">Current page contains element '//a[@href="https://www.instagram.com/deriv_official/"]'.</msg>
<status status="PASS" starttime="20230612 14:49:58.781" endtime="20230612 14:49:58.791"/>
</kw>
<kw name="Page Should Contain Element" library="SeleniumLibrary">
<arg>${linkedin}</arg>
<doc>Verifies that element ``locator`` is found on the current page.</doc>
<msg timestamp="20230612 14:49:58.802" level="INFO">Current page contains element '//a[@href="https://www.linkedin.com/company/derivdotcom/"]'.</msg>
<status status="PASS" starttime="20230612 14:49:58.792" endtime="20230612 14:49:58.802"/>
</kw>
<status status="PASS" starttime="20230612 14:49:58.348" endtime="20230612 14:49:58.802"/>
</test>
<test id="s1-t4" name="Swap Calculator" line="145">
<kw name="Go To Swap Calculator">
<kw name="Chrome Headless">
<kw name="Set Chrome Options">
<var>${chrome_options}</var>
<doc>Set Chrome options for headless mode</doc>
<kw name="Evaluate" library="BuiltIn">
<var>${options}</var>
<arg>sys.modules['selenium.webdriver'].ChromeOptions()</arg>
<arg>sys, selenium.webdriver</arg>
<doc>Evaluates the given expression in Python and returns the result.</doc>
<msg timestamp="20230612 14:49:58.803" level="INFO">${options} = &lt;selenium.webdriver.chrome.options.Options object at 0x7fe4c9031e70&gt;</msg>
<status status="PASS" starttime="20230612 14:49:58.803" endtime="20230612 14:49:58.803"/>
</kw>
<for flavor="IN">
<var>${option}</var>
<value>@{chrome_arguments}</value>
<iter>
<var name="${option}">--disable-infobars</var>
<kw name="Call Method" library="BuiltIn">
<arg>${options}</arg>
<arg>add_argument</arg>
<arg>${option}</arg>
<doc>Calls the named method of the given object with the provided arguments.</doc>
<status status="PASS" starttime="20230612 14:49:58.803" endtime="20230612 14:49:58.803"/>
</kw>
<status status="PASS" starttime="20230612 14:49:58.803" endtime="20230612 14:49:58.803"/>
</iter>
<iter>
<var name="${option}">--headless</var>
<kw name="Call Method" library="BuiltIn">
<arg>${options}</arg>
<arg>add_argument</arg>
<arg>${option}</arg>
<doc>Calls the named method of the given object with the provided arguments.</doc>
<status status="PASS" starttime="20230612 14:49:58.804" endtime="20230612 14:49:58.804"/>
</kw>
<status status="PASS" starttime="20230612 14:49:58.804" endtime="20230612 14:49:58.804"/>
</iter>
<iter>
<var name="${option}">--disable-gpu</var>
<kw name="Call Method" library="BuiltIn">
<arg>${options}</arg>
<arg>add_argument</arg>
<arg>${option}</arg>
<doc>Calls the named method of the given object with the provided arguments.</doc>
<status status="PASS" starttime="20230612 14:49:58.804" endtime="20230612 14:49:58.804"/>
</kw>
<status status="PASS" starttime="20230612 14:49:58.804" endtime="20230612 14:49:58.804"/>
</iter>
<iter>
<var name="${option}">--window-size=1280,1024</var>
<kw name="Call Method" library="BuiltIn">
<arg>${options}</arg>
<arg>add_argument</arg>
<arg>${option}</arg>
<doc>Calls the named method of the given object with the provided arguments.</doc>
<status status="PASS" starttime="20230612 14:49:58.804" endtime="20230612 14:49:58.804"/>
</kw>
<status status="PASS" starttime="20230612 14:49:58.804" endtime="20230612 14:49:58.804"/>
</iter>
<status status="PASS" starttime="20230612 14:49:58.803" endtime="20230612 14:49:58.804"/>
</for>
<msg timestamp="20230612 14:49:58.804" level="INFO">${chrome_options} = &lt;selenium.webdriver.chrome.options.Options object at 0x7fe4c9031e70&gt;</msg>
<status status="PASS" starttime="20230612 14:49:58.803" endtime="20230612 14:49:58.804"/>
</kw>
<kw name="Create Webdriver" library="SeleniumLibrary">
<arg>Chrome</arg>
<arg>chrome_options=${chrome_options}</arg>
<doc>Creates an instance of Selenium WebDriver.</doc>
<msg timestamp="20230612 14:49:58.804" level="INFO">Creating an instance of the Chrome WebDriver.</msg>
<status status="PASS" starttime="20230612 14:49:58.804" endtime="20230612 14:49:59.416"/>
</kw>
<status status="PASS" starttime="20230612 14:49:58.803" endtime="20230612 14:49:59.417"/>
</kw>
<kw name="Go To" library="SeleniumLibrary">
<arg>${swap_calculator}</arg>
<doc>Navigates the current browser window to the provided ``url``.</doc>
<msg timestamp="20230612 14:49:59.417" level="INFO">Opening url 'https://deriv.com/trader-tools/swap-calculator/'</msg>
<status status="PASS" starttime="20230612 14:49:59.417" endtime="20230612 14:50:00.875"/>
</kw>
<kw name="Set Window Size" library="SeleniumLibrary">
<arg>1300</arg>
<arg>800</arg>
<doc>Sets current windows size to given ``width`` and ``height``.</doc>
<status status="PASS" starttime="20230612 14:50:00.875" endtime="20230612 14:50:00.979"/>
</kw>
<kw name="Wait Until Page Contains Element" library="SeleniumLibrary">
<arg>//h1[text()="Swap Calculator"]</arg>
<doc>Waits until the element ``locator`` appears on the current page.</doc>
<status status="PASS" starttime="20230612 14:50:00.979" endtime="20230612 14:50:00.989"/>
</kw>
<status status="PASS" starttime="20230612 14:49:58.802" endtime="20230612 14:50:00.989"/>
</kw>
<kw name="Scroll Element Into View" library="SeleniumLibrary">
<arg>${calculator_table}</arg>
<doc>Scrolls the element identified by ``locator`` into view.</doc>
<status status="PASS" starttime="20230612 14:50:00.989" endtime="20230612 14:50:01.274"/>
</kw>
<kw name="Switch To Financial">
<kw name="Click Element" library="SeleniumLibrary">
<arg>//p[contains(@class,"typography__Text") and text()="Financial"]</arg>
<doc>Click the element identified by ``locator``.</doc>
<msg timestamp="20230612 14:50:01.275" level="INFO">Clicking element '//p[contains(@class,"typography__Text") and text()="Financial"]'.</msg>
<status status="PASS" starttime="20230612 14:50:01.274" endtime="20230612 14:50:01.379"/>
</kw>
<status status="PASS" starttime="20230612 14:50:01.274" endtime="20230612 14:50:01.379"/>
</kw>
<kw name="Select Symbol">
<kw name="Click Element" library="SeleniumLibrary">
<arg>${symbol}</arg>
<doc>Click the element identified by ``locator``.</doc>
<msg timestamp="20230612 14:50:01.380" level="INFO">Clicking element '//ul[@id="symbol"]'.</msg>
<status status="PASS" starttime="20230612 14:50:01.380" endtime="20230612 14:50:01.428"/>
</kw>
<kw name="Click Element" library="SeleniumLibrary">
<arg>//li[@id="AUDUSD"]</arg>
<doc>Click the element identified by ``locator``.</doc>
<msg timestamp="20230612 14:50:01.428" level="INFO">Clicking element '//li[@id="AUDUSD"]'.</msg>
<status status="PASS" starttime="20230612 14:50:01.428" endtime="20230612 14:50:01.528"/>
</kw>
<status status="PASS" starttime="20230612 14:50:01.379" endtime="20230612 14:50:01.528"/>
</kw>
<kw name="Fill Form">
<arg>id:volume</arg>
<arg>100</arg>
<kw name="Click Element" library="SeleniumLibrary">
<arg>${field}</arg>
<doc>Click the element identified by ``locator``.</doc>
<msg timestamp="20230612 14:50:01.528" level="INFO">Clicking element 'id:volume'.</msg>
<status status="PASS" starttime="20230612 14:50:01.528" endtime="20230612 14:50:01.581"/>
</kw>
<kw name="Input Text" library="SeleniumLibrary">
<arg>${field}</arg>
<arg>${value}</arg>
<doc>Types the given ``text`` into the text field identified by ``locator``.</doc>
<msg timestamp="20230612 14:50:01.581" level="INFO">Typing text '100' into text field 'id:volume'.</msg>
<status status="PASS" starttime="20230612 14:50:01.581" endtime="20230612 14:50:01.644"/>
</kw>
<status status="PASS" starttime="20230612 14:50:01.528" endtime="20230612 14:50:01.644"/>
</kw>
<kw name="Fill Form">
<arg>id:pointValue</arg>
<arg>10</arg>
<kw name="Click Element" library="SeleniumLibrary">
<arg>${field}</arg>
<doc>Click the element identified by ``locator``.</doc>
<msg timestamp="20230612 14:50:01.645" level="INFO">Clicking element 'id:pointValue'.</msg>
<status status="PASS" starttime="20230612 14:50:01.645" endtime="20230612 14:50:01.685"/>
</kw>
<kw name="Input Text" library="SeleniumLibrary">
<arg>${field}</arg>
<arg>${value}</arg>
<doc>Types the given ``text`` into the text field identified by ``locator``.</doc>
<msg timestamp="20230612 14:50:01.686" level="INFO">Typing text '10' into text field 'id:pointValue'.</msg>
<status status="PASS" starttime="20230612 14:50:01.685" endtime="20230612 14:50:01.733"/>
</kw>
<status status="PASS" starttime="20230612 14:50:01.644" endtime="20230612 14:50:01.733"/>
</kw>
<kw name="Fill Form">
<arg>id:swapRate</arg>
<arg>0.5</arg>
<kw name="Click Element" library="SeleniumLibrary">
<arg>${field}</arg>
<doc>Click the element identified by ``locator``.</doc>
<msg timestamp="20230612 14:50:01.734" level="INFO">Clicking element 'id:swapRate'.</msg>
<status status="PASS" starttime="20230612 14:50:01.733" endtime="20230612 14:50:01.775"/>
</kw>
<kw name="Input Text" library="SeleniumLibrary">
<arg>${field}</arg>
<arg>${value}</arg>
<doc>Types the given ``text`` into the text field identified by ``locator``.</doc>
<msg timestamp="20230612 14:50:01.775" level="INFO">Typing text '0.5' into text field 'id:swapRate'.</msg>
<status status="PASS" starttime="20230612 14:50:01.775" endtime="20230612 14:50:01.834"/>
</kw>
<status status="PASS" starttime="20230612 14:50:01.733" endtime="20230612 14:50:01.834"/>
</kw>
<kw name="Click Button" library="SeleniumLibrary">
<arg>css:[type="submit"]</arg>
<doc>Clicks the button identified by ``locator``.</doc>
<msg timestamp="20230612 14:50:01.835" level="INFO">Clicking button 'css:[type="submit"]'.</msg>
<status status="PASS" starttime="20230612 14:50:01.835" endtime="20230612 14:50:01.917"/>
</kw>
<kw name="Check Swap Charge">
<kw name="Evaluate" library="BuiltIn">
<var>${expected_swap}</var>
<arg>100*100000*10*0.5</arg>
<doc>Evaluates the given expression in Python and returns the result.</doc>
<msg timestamp="20230612 14:50:01.918" level="INFO">${expected_swap} = 50000000.0</msg>
<status status="PASS" starttime="20230612 14:50:01.917" endtime="20230612 14:50:01.918"/>
</kw>
<kw name="Evaluate" library="BuiltIn">
<var>${formatted}</var>
<arg>'{:,.0f}'.format(${expected_swap})</arg>
<doc>Evaluates the given expression in Python and returns the result.</doc>
<msg timestamp="20230612 14:50:01.918" level="INFO">${formatted} = 50,000,000</msg>
<status status="PASS" starttime="20230612 14:50:01.918" endtime="20230612 14:50:01.918"/>
</kw>
<kw name="Element Text Should Be" library="SeleniumLibrary">
<arg>//*[text()="USD"]//preceding-sibling::div</arg>
<arg>${formatted}</arg>
<doc>Verifies that element ``locator`` contains exact the text ``expected``.</doc>
<msg timestamp="20230612 14:50:01.918" level="WARN">Keyword 'Element Text Should Be' found both from a custom library 'SeleniumLibrary' and a standard library 'XML'. The custom keyword is used. To select explicitly, and to get rid of this warning, use either 'SeleniumLibrary.Element Text Should Be' or 'XML.Element Text Should Be'.</msg>
<msg timestamp="20230612 14:50:01.919" level="INFO">Verifying element '//*[text()="USD"]//preceding-sibling::div' contains exact text '50,000,000'.</msg>
<status status="PASS" starttime="20230612 14:50:01.918" endtime="20230612 14:50:01.938"/>
</kw>
<status status="PASS" starttime="20230612 14:50:01.917" endtime="20230612 14:50:01.938"/>
</kw>
<status status="PASS" starttime="20230612 14:49:58.802" endtime="20230612 14:50:01.938"/>
</test>
<status status="PASS" starttime="20230612 14:49:53.945" endtime="20230612 14:50:01.939"/>
</suite>
<statistics>
<total>
<stat pass="4" fail="0" skip="0">All Tests</stat>
</total>
<tag>
</tag>
<suite>
<stat pass="4" fail="0" skip="0" id="s1" name="Test">Test</stat>
</suite>
</statistics>
<errors>
<msg timestamp="20230612 14:50:01.918" level="WARN">Keyword 'Element Text Should Be' found both from a custom library 'SeleniumLibrary' and a standard library 'XML'. The custom keyword is used. To select explicitly, and to get rid of this warning, use either 'SeleniumLibrary.Element Text Should Be' or 'XML.Element Text Should Be'.</msg>
</errors>
</robot>
