<?xml version="1.0" encoding="UTF-8"?>
<robot generator="Robot 6.0.2 (Python 3.10.6 on linux)" generated="20230613 15:36:08.410" rpa="false" schemaversion="3">
<suite id="s1" name="Testcases2" source="/home/bentley/QA_RF/Project2/testcases2.robot">
<test id="s1-t1" name="Check box area cannot receive more then 3 input" line="56">
<kw name="User Log in" library="resources2">
<kw name="Open Browser" library="SeleniumLibrary">
<arg>${home_url}</arg>
<arg>Chrome</arg>
<doc>Opens a new browser instance to the optional ``url``.</doc>
<msg timestamp="20230613 15:36:08.508" level="INFO">Opening browser 'Chrome' to base url 'https://app.deriv.com/account/closing-account'.</msg>
<status status="PASS" starttime="20230613 15:36:08.508" endtime="20230613 15:36:13.998"/>
</kw>
<kw name="Set Window Size" library="SeleniumLibrary">
<arg>1280</arg>
<arg>1024</arg>
<doc>Sets current windows size to given ``width`` and ``height``.</doc>
<status status="PASS" starttime="20230613 15:36:13.999" endtime="20230613 15:36:14.115"/>
</kw>
<kw name="Wait Until Element Is Visible" library="SeleniumLibrary">
<arg>${email}</arg>
<doc>Waits until the element ``locator`` is visible.</doc>
<status status="PASS" starttime="20230613 15:36:14.115" endtime="20230613 15:36:14.152"/>
</kw>
<kw name="Input Text" library="SeleniumLibrary">
<arg>${email}</arg>
<arg>bentley@besquare.com.my</arg>
<doc>Types the given ``text`` into the text field identified by ``locator``.</doc>
<msg timestamp="20230613 15:36:14.153" level="INFO">Typing text 'bentley@besquare.com.my' into text field '//input[@id="txtEmail"]'.</msg>
<status status="PASS" starttime="20230613 15:36:14.153" endtime="20230613 15:36:14.231"/>
</kw>
<kw name="Input Password" library="SeleniumLibrary">
<arg>${password}</arg>
<arg>Bentley123</arg>
<doc>Types the given password into the text field identified by ``locator``.</doc>
<msg timestamp="20230613 15:36:14.233" level="INFO">Typing password into text field '//input[@id="txtPass"]'.</msg>
<msg timestamp="20230613 15:36:14.263" level="INFO">Temporally setting log level to: NONE</msg>
<msg timestamp="20230613 15:36:14.295" level="INFO">Log level changed from NONE to INFO.</msg>
<status status="PASS" starttime="20230613 15:36:14.231" endtime="20230613 15:36:14.296"/>
</kw>
<kw name="Click Element" library="SeleniumLibrary">
<arg>${login}</arg>
<doc>Click the element identified by ``locator``.</doc>
<msg timestamp="20230613 15:36:14.298" level="INFO">Clicking element '//button[@name="login"]'.</msg>
<status status="PASS" starttime="20230613 15:36:14.297" endtime="20230613 15:36:16.549"/>
</kw>
<kw name="Wait Until Element Is Visible" library="SeleniumLibrary">
<arg>//*[text()="Settings"]</arg>
<arg>10</arg>
<doc>Waits until the element ``locator`` is visible.</doc>
<status status="PASS" starttime="20230613 15:36:16.550" endtime="20230613 15:36:18.306"/>
</kw>
<status status="PASS" starttime="20230613 15:36:08.508" endtime="20230613 15:36:18.306"/>
</kw>
<kw name="Wait Until Element Is Enabled" library="SeleniumLibrary">
<arg>${close_acc_btn}</arg>
<arg>10</arg>
<doc>Waits until the element ``locator`` is enabled.</doc>
<status status="PASS" starttime="20230613 15:36:18.306" endtime="20230613 15:36:18.370"/>
</kw>
<kw name="Click Element" library="SeleniumLibrary">
<arg>${close_acc_btn}</arg>
<doc>Click the element identified by ``locator``.</doc>
<msg timestamp="20230613 15:36:18.371" level="INFO">Clicking element '//button[@class="dc-btn dc-btn--primary dc-btn__large closing-account__button--close-account"]'.</msg>
<status status="PASS" starttime="20230613 15:36:18.370" endtime="20230613 15:36:18.430"/>
</kw>
<kw name="Wait Until Element Is Visible" library="SeleniumLibrary">
<arg>${checkbox1}</arg>
<arg>10</arg>
<doc>Waits until the element ``locator`` is visible.</doc>
<status status="PASS" starttime="20230613 15:36:18.431" endtime="20230613 15:36:18.453"/>
</kw>
<kw name="Click Element" library="SeleniumLibrary">
<arg>${checkbox1}</arg>
<doc>Click the element identified by ``locator``.</doc>
<msg timestamp="20230613 15:36:18.454" level="INFO">Clicking element '//label[@class="dc-checkbox closing-account-reasons__checkbox"]//span[@class="dc-text dc-checkbox__label" and contains(text(),"I have other financial priorities.")]'.</msg>
<status status="PASS" starttime="20230613 15:36:18.453" endtime="20230613 15:36:18.516"/>
</kw>
<kw name="Click Element" library="SeleniumLibrary">
<arg>${checkbox2}</arg>
<doc>Click the element identified by ``locator``.</doc>
<msg timestamp="20230613 15:36:18.518" level="INFO">Clicking element '//label[@class="dc-checkbox closing-account-reasons__checkbox"]//span[@class="dc-text dc-checkbox__label" and contains(text(),"I want to stop myself from trading.")]'.</msg>
<status status="PASS" starttime="20230613 15:36:18.517" endtime="20230613 15:36:18.576"/>
</kw>
<kw name="Click Element" library="SeleniumLibrary">
<arg>${checkbox3}</arg>
<doc>Click the element identified by ``locator``.</doc>
<msg timestamp="20230613 15:36:18.579" level="INFO">Clicking element '//label[@class="dc-checkbox closing-account-reasons__checkbox"]//span[@class="dc-text dc-checkbox__label" and contains(text(),"I’m no longer interested in trading.")]'.</msg>
<status status="PASS" starttime="20230613 15:36:18.578" endtime="20230613 15:36:18.650"/>
</kw>
<kw name="Click Element" library="SeleniumLibrary">
<arg>${checkbox4}</arg>
<doc>Click the element identified by ``locator``.</doc>
<msg timestamp="20230613 15:36:18.651" level="INFO">Clicking element '//label[@class="dc-checkbox closing-account-reasons__checkbox"]//span[@class="dc-text dc-checkbox__label" and contains(text(),"I prefer another trading website.")]'.</msg>
<msg timestamp="20230613 15:36:18.840" level="INFO" html="true">&lt;/td&gt;&lt;/tr&gt;&lt;tr&gt;&lt;td colspan="3"&gt;&lt;a href="selenium-screenshot-1.png"&gt;&lt;img src="selenium-screenshot-1.png" width="800px"&gt;&lt;/a&gt;</msg>
<msg timestamp="20230613 15:36:18.840" level="FAIL">Element with locator '//label[@class="dc-checkbox closing-account-reasons__checkbox"]//span[@class="dc-text dc-checkbox__label" and contains(text(),"I prefer another trading website.")]' not found.</msg>
<status status="FAIL" starttime="20230613 15:36:18.650" endtime="20230613 15:36:18.842"/>
</kw>
<status status="FAIL" starttime="20230613 15:36:08.507" endtime="20230613 15:36:18.844">Element with locator '//label[@class="dc-checkbox closing-account-reasons__checkbox"]//span[@class="dc-text dc-checkbox__label" and contains(text(),"I prefer another trading website.")]' not found.</status>
</test>
<doc>Project 2 (Automation on Account Closing)</doc>
<status status="FAIL" starttime="20230613 15:36:08.412" endtime="20230613 15:36:18.847"/>
</suite>
<statistics>
<total>
<stat pass="0" fail="1" skip="0">All Tests</stat>
</total>
<tag>
</tag>
<suite>
<stat pass="0" fail="1" skip="0" id="s1" name="Testcases2">Testcases2</stat>
</suite>
</statistics>
<errors>
</errors>
</robot>
