<?xml version="1.0" encoding="UTF-8"?>
<robot generator="Robot 6.0.2 (Python 3.10.6 on linux)" generated="20230613 16:17:45.970" rpa="false" schemaversion="3">
<suite id="s1" name="Testcases2" source="/home/bentley/QA_RF/Project2/testcases2.robot">
<test id="s1-t1" name="Test Close account button" line="284">
<kw name="User Log in after log out" library="resources2">
<kw name="Open Browser" library="SeleniumLibrary">
<arg>${home_url}</arg>
<arg>Chrome</arg>
<doc>Opens a new browser instance to the optional ``url``.</doc>
<msg timestamp="20230613 16:17:46.055" level="INFO">Opening browser 'Chrome' to base url 'https://app.deriv.com/account/closing-account'.</msg>
<status status="PASS" starttime="20230613 16:17:46.055" endtime="20230613 16:17:50.217"/>
</kw>
<kw name="Set Window Size" library="SeleniumLibrary">
<arg>1280</arg>
<arg>1024</arg>
<doc>Sets current windows size to given ``width`` and ``height``.</doc>
<status status="PASS" starttime="20230613 16:17:50.217" endtime="20230613 16:17:50.331"/>
</kw>
<kw name="Wait Until Element Is Visible" library="SeleniumLibrary">
<arg>${email}</arg>
<doc>Waits until the element ``locator`` is visible.</doc>
<status status="PASS" starttime="20230613 16:17:50.331" endtime="20230613 16:17:50.370"/>
</kw>
<kw name="Input Text" library="SeleniumLibrary">
<arg>${email}</arg>
<arg>bentley@besquare.com.my</arg>
<doc>Types the given ``text`` into the text field identified by ``locator``.</doc>
<msg timestamp="20230613 16:17:50.371" level="INFO">Typing text 'bentley@besquare.com.my' into text field '//input[@id="txtEmail"]'.</msg>
<status status="PASS" starttime="20230613 16:17:50.370" endtime="20230613 16:17:50.430"/>
</kw>
<kw name="Input Password" library="SeleniumLibrary">
<arg>${password}</arg>
<arg>Bentley123</arg>
<doc>Types the given password into the text field identified by ``locator``.</doc>
<msg timestamp="20230613 16:17:50.431" level="INFO">Typing password into text field '//input[@id="txtPass"]'.</msg>
<msg timestamp="20230613 16:17:50.452" level="INFO">Temporally setting log level to: NONE</msg>
<msg timestamp="20230613 16:17:50.478" level="INFO">Log level changed from NONE to INFO.</msg>
<status status="PASS" starttime="20230613 16:17:50.430" endtime="20230613 16:17:50.478"/>
</kw>
<kw name="Click Element" library="SeleniumLibrary">
<arg>${login}</arg>
<doc>Click the element identified by ``locator``.</doc>
<msg timestamp="20230613 16:17:50.478" level="INFO">Clicking element '//button[@name="login"]'.</msg>
<status status="PASS" starttime="20230613 16:17:50.478" endtime="20230613 16:17:51.437"/>
</kw>
<kw name="Wait Until Element Is Visible" library="SeleniumLibrary">
<arg>//button[@id="btnGrant"]</arg>
<arg>10</arg>
<doc>Waits until the element ``locator`` is visible.</doc>
<status status="PASS" starttime="20230613 16:17:51.437" endtime="20230613 16:17:51.469"/>
</kw>
<kw name="Click Element" library="SeleniumLibrary">
<arg>//button[@id="btnGrant"]</arg>
<doc>Click the element identified by ``locator``.</doc>
<msg timestamp="20230613 16:17:51.469" level="INFO">Clicking element '//button[@id="btnGrant"]'.</msg>
<status status="PASS" starttime="20230613 16:17:51.469" endtime="20230613 16:17:54.138"/>
</kw>
<status status="PASS" starttime="20230613 16:17:46.055" endtime="20230613 16:17:54.138"/>
</kw>
<kw name="Wait Until Element Is Enabled" library="SeleniumLibrary">
<arg>${close_acc_btn}</arg>
<arg>10</arg>
<doc>Waits until the element ``locator`` is enabled.</doc>
<status status="PASS" starttime="20230613 16:17:54.138" endtime="20230613 16:17:55.037"/>
</kw>
<kw name="Click Element" library="SeleniumLibrary">
<arg>${close_acc_btn}</arg>
<doc>Click the element identified by ``locator``.</doc>
<msg timestamp="20230613 16:17:55.038" level="INFO">Clicking element '//button[@class="dc-btn dc-btn--primary dc-btn__large closing-account__button--close-account"]'.</msg>
<status status="PASS" starttime="20230613 16:17:55.038" endtime="20230613 16:17:55.089"/>
</kw>
<kw name="Wait Until Element Is Visible" library="SeleniumLibrary">
<arg>${checkbox1}</arg>
<arg>10</arg>
<doc>Waits until the element ``locator`` is visible.</doc>
<status status="PASS" starttime="20230613 16:17:55.089" endtime="20230613 16:17:55.112"/>
</kw>
<kw name="Click Element" library="SeleniumLibrary">
<arg>${checkbox1}</arg>
<doc>Click the element identified by ``locator``.</doc>
<msg timestamp="20230613 16:17:55.113" level="INFO">Clicking element '//label[@class="dc-checkbox closing-account-reasons__checkbox"]//span[@class="dc-text dc-checkbox__label" and contains(text(),"I have other financial priorities.")]'.</msg>
<status status="PASS" starttime="20230613 16:17:55.112" endtime="20230613 16:17:55.155"/>
</kw>
<kw name="Click Element" library="SeleniumLibrary">
<arg>${checkbox2}</arg>
<doc>Click the element identified by ``locator``.</doc>
<msg timestamp="20230613 16:17:55.156" level="INFO">Clicking element '//label[@class="dc-checkbox closing-account-reasons__checkbox"]//span[@class="dc-text dc-checkbox__label" and contains(text(),"I want to stop myself from trading.")]'.</msg>
<status status="PASS" starttime="20230613 16:17:55.155" endtime="20230613 16:17:55.235"/>
</kw>
<kw name="Click Element" library="SeleniumLibrary">
<arg>${checkbox3}</arg>
<doc>Click the element identified by ``locator``.</doc>
<msg timestamp="20230613 16:17:55.236" level="INFO">Clicking element '//label[@class="dc-checkbox closing-account-reasons__checkbox"]//span[@class="dc-text dc-checkbox__label" and contains(text(),"I’m no longer interested in trading.")]'.</msg>
<status status="PASS" starttime="20230613 16:17:55.235" endtime="20230613 16:17:55.288"/>
</kw>
<kw name="Input Text" library="SeleniumLibrary">
<arg>${textbox1}</arg>
<arg>testing876543</arg>
<doc>Types the given ``text`` into the text field identified by ``locator``.</doc>
<msg timestamp="20230613 16:17:55.289" level="INFO">Typing text 'testing876543' into text field '//textarea[@name="other_trading_platforms"]'.</msg>
<status status="PASS" starttime="20230613 16:17:55.288" endtime="20230613 16:17:55.417"/>
</kw>
<kw name="Input Text" library="SeleniumLibrary">
<arg>${textbox2}</arg>
<arg>qwertyuiop1234</arg>
<doc>Types the given ``text`` into the text field identified by ``locator``.</doc>
<msg timestamp="20230613 16:17:55.419" level="INFO">Typing text 'qwertyuiop1234' into text field '//textarea[@name="do_to_improve"]'.</msg>
<status status="PASS" starttime="20230613 16:17:55.418" endtime="20230613 16:17:55.559"/>
</kw>
<kw name="Wait Until Element Is Visible" library="SeleniumLibrary">
<arg>${continue_btn}</arg>
<arg>10</arg>
<doc>Waits until the element ``locator`` is visible.</doc>
<status status="PASS" starttime="20230613 16:17:55.559" endtime="20230613 16:17:55.585"/>
</kw>
<kw name="Click Element" library="SeleniumLibrary">
<arg>${continue_btn}</arg>
<doc>Click the element identified by ``locator``.</doc>
<msg timestamp="20230613 16:17:55.585" level="INFO">Clicking element '//button[@class="dc-btn dc-btn__effect dc-btn--primary dc-btn__large"]'.</msg>
<status status="PASS" starttime="20230613 16:17:55.585" endtime="20230613 16:17:55.655"/>
</kw>
<kw name="Sleep" library="BuiltIn">
<arg>3</arg>
<doc>Pauses the test executed for the given time.</doc>
<msg timestamp="20230613 16:17:58.656" level="INFO">Slept 3 seconds</msg>
<status status="PASS" starttime="20230613 16:17:55.656" endtime="20230613 16:17:58.656"/>
</kw>
<kw name="Wait Until Element Is Visible" library="SeleniumLibrary">
<arg>${last_close_btn}</arg>
<arg>10</arg>
<doc>Waits until the element ``locator`` is visible.</doc>
<status status="PASS" starttime="20230613 16:17:58.657" endtime="20230613 16:17:58.687"/>
</kw>
<kw name="Click Element" library="SeleniumLibrary">
<arg>${last_close_btn}</arg>
<doc>Click the element identified by ``locator``.</doc>
<msg timestamp="20230613 16:17:58.687" level="INFO">Clicking element '//button[@class="dc-btn dc-btn__effect dc-btn--primary dc-btn__large"]//parent::div[@class="dc-form-submit-button account-closure-warning-modal__close-account-button dc-form-submit-button--relative"]'.</msg>
<status status="PASS" starttime="20230613 16:17:58.687" endtime="20230613 16:17:58.731"/>
</kw>
<kw name="Sleep" library="BuiltIn">
<arg>3</arg>
<doc>Pauses the test executed for the given time.</doc>
<msg timestamp="20230613 16:18:01.732" level="INFO">Slept 3 seconds</msg>
<status status="PASS" starttime="20230613 16:17:58.732" endtime="20230613 16:18:01.733"/>
</kw>
<kw name="Wait Until Element Is Visible" library="SeleniumLibrary">
<arg>${countdown}</arg>
<arg>10</arg>
<doc>Waits until the element ``locator`` is visible.</doc>
<status status="PASS" starttime="20230613 16:18:01.733" endtime="20230613 16:18:01.762"/>
</kw>
<status status="PASS" starttime="20230613 16:17:46.054" endtime="20230613 16:18:01.763"/>
</test>
<doc>Project 2 (Automation on Account Closing)</doc>
<status status="PASS" starttime="20230613 16:17:45.971" endtime="20230613 16:18:01.763"/>
</suite>
<statistics>
<total>
<stat pass="1" fail="0" skip="0">All Tests</stat>
</total>
<tag>
</tag>
<suite>
<stat pass="1" fail="0" skip="0" id="s1" name="Testcases2">Testcases2</stat>
</suite>
</statistics>
<errors>
</errors>
</robot>
